  [1m[35m (31.6ms)[0m  [1m[35mCREATE TABLE "schema_migrations" ("version" character varying NOT NULL PRIMARY KEY)[0m
  [1m[35m (25.0ms)[0m  [1m[35mCREATE TABLE "ar_internal_metadata" ("key" character varying NOT NULL PRIMARY KEY, "value" character varying, "created_at" timestamp NOT NULL, "updated_at" timestamp NOT NULL)[0m
  [1m[35m (18.1ms)[0m  [1m[34mSELECT pg_try_advisory_lock(4622996922740264145)[0m
  [1m[35m (2.6ms)[0m  [1m[34mSELECT "schema_migrations"."version" FROM "schema_migrations" ORDER BY "schema_migrations"."version" ASC[0m
Migrating to CreateBlogs (20171214000107)
  [1m[35m (6.4ms)[0m  [1m[35mBEGIN[0m
  [1m[35m (55.6ms)[0m  [1m[35mCREATE TABLE "blogs" ("id" bigserial primary key, "name" character varying, "body" text, "read" boolean, "created_at" timestamp NOT NULL, "updated_at" timestamp NOT NULL)[0m
  [1m[35mSQL (3.5ms)[0m  [1m[32mINSERT INTO "schema_migrations" ("version") VALUES ($1) RETURNING "version"[0m  [["version", "20171214000107"]]
  [1m[35m (0.4ms)[0m  [1m[35mCOMMIT[0m
  [1m[36mActiveRecord::InternalMetadata Load (7.0ms)[0m  [1m[34mSELECT  "ar_internal_metadata".* FROM "ar_internal_metadata" WHERE "ar_internal_metadata"."key" = $1 LIMIT $2[0m  [["key", "environment"], ["LIMIT", 1]]
  [1m[35m (0.3ms)[0m  [1m[35mBEGIN[0m
  [1m[35mSQL (6.5ms)[0m  [1m[32mINSERT INTO "ar_internal_metadata" ("key", "value", "created_at", "updated_at") VALUES ($1, $2, $3, $4) RETURNING "key"[0m  [["key", "environment"], ["value", "development"], ["created_at", "2017-12-14 00:06:22.808858"], ["updated_at", "2017-12-14 00:06:22.808858"]]
  [1m[35m (0.4ms)[0m  [1m[35mCOMMIT[0m
  [1m[35m (0.3ms)[0m  [1m[34mSELECT pg_advisory_unlock(4622996922740264145)[0m
  [1m[35m (0.5ms)[0m  [1m[34mSELECT "schema_migrations"."version" FROM "schema_migrations" ORDER BY "schema_migrations"."version" ASC[0m
  [1m[35m (1.9ms)[0m  [1m[34mSELECT "schema_migrations"."version" FROM "schema_migrations" ORDER BY "schema_migrations"."version" ASC[0m
  [1m[35m (19.5ms)[0m  [1m[34mSELECT "ar_internal_metadata"."value" FROM "ar_internal_metadata" WHERE "ar_internal_metadata"."key" = $1[0m  [["key", "environment"]]
  [1m[35m (0.5ms)[0m  [1m[34mSELECT "schema_migrations"."version" FROM "schema_migrations" ORDER BY "schema_migrations"."version" ASC[0m
  [1m[35m (0.5ms)[0m  [1m[34mSELECT "ar_internal_metadata"."value" FROM "ar_internal_metadata" WHERE "ar_internal_metadata"."key" = $1[0m  [["key", "environment"]]
  [1m[35m (0.4ms)[0m  [1m[34mSELECT "schema_migrations"."version" FROM "schema_migrations" ORDER BY "schema_migrations"."version" ASC[0m
  [1m[35m (0.3ms)[0m  [1m[34mSELECT "ar_internal_metadata"."value" FROM "ar_internal_metadata" WHERE "ar_internal_metadata"."key" = $1[0m  [["key", "environment"]]
  [1m[35m (258.2ms)[0m  [1m[35mDROP DATABASE IF EXISTS "redux_rails_blog_development"[0m
  [1m[35m (208.1ms)[0m  [1m[35mDROP DATABASE IF EXISTS "redux_rails_blog_test"[0m
  [1m[35m (481.1ms)[0m  [1m[35mCREATE DATABASE "redux_rails_blog_development" ENCODING = 'unicode'[0m
  [1m[35m (412.6ms)[0m  [1m[35mCREATE DATABASE "redux_rails_blog_test" ENCODING = 'unicode'[0m
  [1m[35m (15.8ms)[0m  [1m[35mCREATE TABLE "schema_migrations" ("version" character varying NOT NULL PRIMARY KEY)[0m
  [1m[35m (7.1ms)[0m  [1m[35mCREATE TABLE "ar_internal_metadata" ("key" character varying NOT NULL PRIMARY KEY, "value" character varying, "created_at" timestamp NOT NULL, "updated_at" timestamp NOT NULL)[0m
  [1m[35m (17.6ms)[0m  [1m[34mSELECT pg_try_advisory_lock(4622996922740264145)[0m
  [1m[35m (1.4ms)[0m  [1m[34mSELECT "schema_migrations"."version" FROM "schema_migrations" ORDER BY "schema_migrations"."version" ASC[0m
Migrating to CreateBlogs (20171214000107)
  [1m[35m (0.3ms)[0m  [1m[35mBEGIN[0m
  [1m[35m (28.7ms)[0m  [1m[35mCREATE TABLE "blogs" ("id" bigserial primary key, "name" character varying, "body" text, "read" boolean, "created_at" timestamp NOT NULL, "updated_at" timestamp NOT NULL)[0m
  [1m[35mSQL (2.2ms)[0m  [1m[32mINSERT INTO "schema_migrations" ("version") VALUES ($1) RETURNING "version"[0m  [["version", "20171214000107"]]
  [1m[35m (0.7ms)[0m  [1m[35mCOMMIT[0m
  [1m[36mActiveRecord::InternalMetadata Load (0.9ms)[0m  [1m[34mSELECT  "ar_internal_metadata".* FROM "ar_internal_metadata" WHERE "ar_internal_metadata"."key" = $1 LIMIT $2[0m  [["key", "environment"], ["LIMIT", 1]]
  [1m[35m (0.3ms)[0m  [1m[35mBEGIN[0m
  [1m[35mSQL (9.7ms)[0m  [1m[32mINSERT INTO "ar_internal_metadata" ("key", "value", "created_at", "updated_at") VALUES ($1, $2, $3, $4) RETURNING "key"[0m  [["key", "environment"], ["value", "development"], ["created_at", "2017-12-14 06:41:34.409779"], ["updated_at", "2017-12-14 06:41:34.409779"]]
  [1m[35m (1.2ms)[0m  [1m[35mCOMMIT[0m
  [1m[35m (0.5ms)[0m  [1m[34mSELECT pg_advisory_unlock(4622996922740264145)[0m
  [1m[35m (0.8ms)[0m  [1m[34mSELECT "schema_migrations"."version" FROM "schema_migrations" ORDER BY "schema_migrations"."version" ASC[0m
  [1m[35m (0.5ms)[0m  [1m[34mSELECT "schema_migrations"."version" FROM "schema_migrations" ORDER BY "schema_migrations"."version" ASC[0m
  [1m[35m (0.2ms)[0m  [1m[35mBEGIN[0m
  [1m[35mSQL (1.0ms)[0m  [1m[32mINSERT INTO "blogs" ("name", "body", "read", "created_at", "updated_at") VALUES ($1, $2, $3, $4, $5) RETURNING "id"[0m  [["name", "MAY A SMILE BE YOUR UMBRELLA. WE'VE ALL HAD OUR SOCKS TOSSED AROUND."], ["body", "[\"Cyclopean indescribable comprehension. Tenebrous gibbous manuscript stench fungus unnamable nameless. Gibbous tentacles cyclopean singular ululate. Amorphous lurk tenebrous swarthy singular abnormal gibbering. Cyclopean fungus dank spectral eldritch tentacles iridescence.\", \"Lurk iridescence shunned spectral madness cyclopean. Abnormal swarthy antiquarian accursed daemoniac mortal iridescence. Iridescence stygian stench foetid mortal decadent. Cat spectral gambrel amorphous. Gambrel squamous antiquarian.\", \"Non-euclidean stygian loathsome gambrel indescribable. Cyclopean antediluvian tentacles. Fainted antediluvian non-euclidean indescribable.\"]"], ["read", "f"], ["created_at", "2017-12-14 06:41:35.443763"], ["updated_at", "2017-12-14 06:41:35.443763"]]
  [1m[35m (6.7ms)[0m  [1m[35mCOMMIT[0m
  [1m[35m (0.2ms)[0m  [1m[35mBEGIN[0m
  [1m[35mSQL (0.4ms)[0m  [1m[32mINSERT INTO "blogs" ("name", "body", "read", "created_at", "updated_at") VALUES ($1, $2, $3, $4, $5) RETURNING "id"[0m  [["name", "MAY A SMILE BE YOUR UMBRELLA. WE'VE ALL HAD OUR SOCKS TOSSED AROUND."], ["body", "[\"Ululate effulgence stygian decadent singular stench. Fainted cyclopean iridescence. Non-euclidean effulgence furtive. Fungus immemorial hideous. Tenebrous squamous antediluvian blasphemous.\", \"Unnamable squamous decadent gibbering noisome. Comprehension tentacles antiquarian immemorial cyclopean spectral mortal dank. Indescribable ululate nameless gambrel decadent cyclopean spectral.\", \"Swarthy stench noisome cat blasphemous spectral immemorial shunned. Gibbering tentacles unnamable manuscript accursed. Squamous iridescence manuscript decadent tenebrous spectral gibbering abnormal.\"]"], ["read", "f"], ["created_at", "2017-12-14 06:41:35.454195"], ["updated_at", "2017-12-14 06:41:35.454195"]]
  [1m[35m (0.3ms)[0m  [1m[35mCOMMIT[0m
  [1m[35m (0.2ms)[0m  [1m[35mBEGIN[0m
  [1m[35mSQL (0.4ms)[0m  [1m[32mINSERT INTO "blogs" ("name", "body", "read", "created_at", "updated_at") VALUES ($1, $2, $3, $4, $5) RETURNING "id"[0m  [["name", "Pie. Whoever invented the pie? Here was a great person."], ["body", "[\"Cat cyclopean immemorial eldritch iridescence tentacles stygian. Noisome shunned squamous antediluvian dank singular fungus gambrel. Furtive tenebrous lurk. Eldritch daemoniac singular madness tenebrous. Loathsome unnamable iridescence antediluvian unutterable accursed.\", \"Decadent madness daemoniac effulgence dank. Squamous fungus iridescence dank unmentionable. Spectral comprehension cat antediluvian accursed immemorial charnel. Stench unmentionable dank non-euclidean cyclopean accursed. Blasphemous non-euclidean noisome gambrel gibbering decadent daemoniac shunned.\", \"Loathsome non-euclidean blasphemous manuscript mortal squamous fungus. Blasphemous foetid amorphous. Loathsome eldritch accursed squamous blasphemous unutterable mortal.\"]"], ["read", "f"], ["created_at", "2017-12-14 06:41:35.457052"], ["updated_at", "2017-12-14 06:41:35.457052"]]
  [1m[35m (0.4ms)[0m  [1m[35mCOMMIT[0m
  [1m[35m (0.2ms)[0m  [1m[35mBEGIN[0m
  [1m[35mSQL (0.5ms)[0m  [1m[32mINSERT INTO "blogs" ("name", "body", "read", "created_at", "updated_at") VALUES ($1, $2, $3, $4, $5) RETURNING "id"[0m  [["name", "Black as midnight on a moonless night."], ["body", "[\"Amorphous cat charnel tentacles iridescence hideous unutterable daemoniac. Unnamable cat decadent effulgence. Gambrel charnel indescribable stench blasphemous. Swarthy noisome tentacles cat unnamable daemoniac effulgence.\", \"Furtive amorphous decadent daemoniac gibbering. Manuscript unmentionable effulgence foetid accursed. Hideous manuscript amorphous singular mortal fungus blasphemous.\", \"Manuscript fainted hideous accursed. Cyclopean unnamable unutterable decadent spectral squamous tentacles. Abnormal spectral antediluvian effulgence.\"]"], ["read", "f"], ["created_at", "2017-12-14 06:41:35.460417"], ["updated_at", "2017-12-14 06:41:35.460417"]]
  [1m[35m (0.3ms)[0m  [1m[35mCOMMIT[0m
  [1m[35m (0.1ms)[0m  [1m[35mBEGIN[0m
  [1m[35mSQL (0.5ms)[0m  [1m[32mINSERT INTO "blogs" ("name", "body", "read", "created_at", "updated_at") VALUES ($1, $2, $3, $4, $5) RETURNING "id"[0m  [["name", "MAY A SMILE BE YOUR UMBRELLA. WE'VE ALL HAD OUR SOCKS TOSSED AROUND."], ["body", "[\"Swarthy loathsome manuscript immemorial unnamable. Manuscript loathsome foetid charnel. Cat non-euclidean tentacles.\", \"Cat dank gibbering fungus. Accursed fainted immemorial foetid. Comprehension singular antiquarian lurk.\", \"Unnamable unutterable tenebrous immemorial cat blasphemous eldritch gibbering. Iridescence singular cyclopean gibbous unnamable. Gambrel fungus furtive amorphous fainted. Gambrel daemoniac cat hideous lurk.\"]"], ["read", "f"], ["created_at", "2017-12-14 06:41:35.463172"], ["updated_at", "2017-12-14 06:41:35.463172"]]
  [1m[35m (0.3ms)[0m  [1m[35mCOMMIT[0m
  [1m[35m (0.1ms)[0m  [1m[35mBEGIN[0m
  [1m[35mSQL (0.5ms)[0m  [1m[32mINSERT INTO "blogs" ("name", "body", "read", "created_at", "updated_at") VALUES ($1, $2, $3, $4, $5) RETURNING "id"[0m  [["name", "She's dead... Wrapped in plastic."], ["body", "[\"Madness accursed shunned cat manuscript. Cyclopean immemorial nameless stygian spectral. Effulgence manuscript mortal noisome hideous antediluvian. Iridescence singular accursed. Blasphemous manuscript madness charnel unutterable abnormal daemoniac.\", \"Fainted singular shunned cat hideous gibbous antiquarian decadent. Fungus madness hideous loathsome furtive. Stench cat nameless stygian amorphous. Nameless stygian squamous eldritch fainted blasphemous.\", \"Tenebrous spectral stench gambrel foetid manuscript antediluvian blasphemous. Shunned gibbering accursed gambrel squamous manuscript comprehension furtive. Gibbering antiquarian lurk antediluvian madness amorphous hideous comprehension.\"]"], ["read", "f"], ["created_at", "2017-12-14 06:41:35.466071"], ["updated_at", "2017-12-14 06:41:35.466071"]]
  [1m[35m (0.4ms)[0m  [1m[35mCOMMIT[0m
  [1m[35m (0.1ms)[0m  [1m[35mBEGIN[0m
  [1m[35mSQL (0.7ms)[0m  [1m[32mINSERT INTO "blogs" ("name", "body", "read", "created_at", "updated_at") VALUES ($1, $2, $3, $4, $5) RETURNING "id"[0m  [["name", "J'ai une âme solitaire."], ["body", "[\"Madness swarthy dank. Spectral manuscript stench. Noisome dank manuscript unnamable hideous.\", \"Decadent foetid blasphemous cat madness fungus mortal daemoniac. Furtive blasphemous accursed comprehension indescribable daemoniac stench. Loathsome indescribable stygian fainted eldritch tentacles stench daemoniac.\", \"Singular hideous manuscript stench abnormal daemoniac spectral dank. Ululate abnormal stench comprehension blasphemous gibbous squamous fainted. Unutterable amorphous swarthy madness foetid. Fainted furtive non-euclidean gibbous spectral iridescence lurk. Nameless indescribable foetid iridescence singular loathsome.\"]"], ["read", "f"], ["created_at", "2017-12-14 06:41:35.470304"], ["updated_at", "2017-12-14 06:41:35.470304"]]
  [1m[35m (0.3ms)[0m  [1m[35mCOMMIT[0m
  [1m[35m (0.2ms)[0m  [1m[35mBEGIN[0m
  [1m[35mSQL (0.5ms)[0m  [1m[32mINSERT INTO "blogs" ("name", "body", "read", "created_at", "updated_at") VALUES ($1, $2, $3, $4, $5) RETURNING "id"[0m  [["name", "YOU ARE WITNESSING A FRONT THREE-QUARTER VIEW OF TWO ADULTS SHARING A TENDER MOMENT"], ["body", "[\"Tentacles non-euclidean comprehension. Antediluvian dank mortal. Manuscript ululate gambrel antiquarian dank fainted. Gibbering unmentionable daemoniac fungus antiquarian.\", \"Antediluvian spectral daemoniac gambrel comprehension madness immemorial. Iridescence foetid antediluvian cat swarthy unnamable. Unnamable nameless unmentionable stygian decadent. Nameless antediluvian comprehension dank squamous fungus.\", \"Unutterable fainted shunned daemoniac lurk. Amorphous dank unutterable gibbering. Charnel foetid loathsome cat. Cyclopean daemoniac immemorial stench abnormal dank unutterable. Eldritch unmentionable unnamable.\"]"], ["read", "f"], ["created_at", "2017-12-14 06:41:35.474199"], ["updated_at", "2017-12-14 06:41:35.474199"]]
  [1m[35m (0.3ms)[0m  [1m[35mCOMMIT[0m
  [1m[35m (0.2ms)[0m  [1m[35mBEGIN[0m
  [1m[35mSQL (0.4ms)[0m  [1m[32mINSERT INTO "blogs" ("name", "body", "read", "created_at", "updated_at") VALUES ($1, $2, $3, $4, $5) RETURNING "id"[0m  [["name", "She's dead... Wrapped in plastic."], ["body", "[\"Iridescence amorphous immemorial cat manuscript. Abnormal unmentionable spectral accursed amorphous cyclopean. Blasphemous effulgence accursed.\", \"Hideous singular dank stench decadent. Stygian indescribable tenebrous antiquarian daemoniac noisome ululate. Swarthy shunned mortal gambrel cat fungus charnel. Loathsome dank fainted. Blasphemous effulgence unmentionable noisome gibbering.\", \"Effulgence comprehension immemorial mortal stench. Non-euclidean nameless abnormal unnamable fainted. Blasphemous swarthy madness charnel. Antiquarian blasphemous gambrel.\"]"], ["read", "f"], ["created_at", "2017-12-14 06:41:35.477389"], ["updated_at", "2017-12-14 06:41:35.477389"]]
  [1m[35m (0.3ms)[0m  [1m[35mCOMMIT[0m
  [1m[35m (0.2ms)[0m  [1m[35mBEGIN[0m
  [1m[35mSQL (0.4ms)[0m  [1m[32mINSERT INTO "blogs" ("name", "body", "read", "created_at", "updated_at") VALUES ($1, $2, $3, $4, $5) RETURNING "id"[0m  [["name", "It has been a pleasure speaking to you."], ["body", "[\"Dank hideous amorphous manuscript daemoniac loathsome. Gibbous shunned comprehension fungus gibbering decadent. Indescribable gibbering gibbous madness immemorial fainted. Madness blasphemous accursed indescribable.\", \"Abnormal gibbering cat. Lurk ululate loathsome iridescence daemoniac antediluvian. Loathsome ululate singular dank fainted charnel.\", \"Hideous antediluvian mortal lurk. Singular fainted noisome gambrel shunned tentacles accursed cyclopean. Effulgence iridescence unutterable stygian daemoniac squamous gibbering. Cat madness decadent loathsome hideous.\"]"], ["read", "f"], ["created_at", "2017-12-14 06:41:35.480139"], ["updated_at", "2017-12-14 06:41:35.480139"]]
  [1m[35m (0.3ms)[0m  [1m[35mCOMMIT[0m
  [1m[35m (0.1ms)[0m  [1m[35mBEGIN[0m
  [1m[35mSQL (0.4ms)[0m  [1m[32mINSERT INTO "blogs" ("name", "body", "read", "created_at", "updated_at") VALUES ($1, $2, $3, $4, $5) RETURNING "id"[0m  [["name", "COOPER, YOU REMIND ME TODAY OF A SMALL MEXICAN CHIHUAHUA."], ["body", "[\"Gambrel lurk charnel indescribable hideous. Hideous singular stygian nameless. Accursed decadent unnamable fungus. Foetid indescribable amorphous gambrel singular. Gibbering non-euclidean fungus antediluvian spectral antiquarian stygian manuscript.\", \"Hideous mortal amorphous squamous noisome. Stygian spectral daemoniac singular cyclopean fainted nameless. Spectral charnel manuscript eldritch indescribable daemoniac. Tenebrous unmentionable comprehension cyclopean charnel daemoniac manuscript furtive.\", \"Non-euclidean stench cat accursed. Unmentionable furtive fungus tentacles charnel accursed amorphous. Hideous gibbous noisome tenebrous loathsome amorphous blasphemous decadent.\"]"], ["read", "f"], ["created_at", "2017-12-14 06:41:35.482781"], ["updated_at", "2017-12-14 06:41:35.482781"]]
  [1m[35m (0.3ms)[0m  [1m[35mCOMMIT[0m
  [1m[35m (0.2ms)[0m  [1m[35mBEGIN[0m
  [1m[35mSQL (2.3ms)[0m  [1m[32mINSERT INTO "blogs" ("name", "body", "read", "created_at", "updated_at") VALUES ($1, $2, $3, $4, $5) RETURNING "id"[0m  [["name", "COOPER, YOU REMIND ME TODAY OF A SMALL MEXICAN CHIHUAHUA."], ["body", "[\"Daemoniac non-euclidean blasphemous. Tenebrous mortal gambrel madness non-euclidean nameless fainted. Mortal fungus iridescence dank. Lurk charnel unutterable cyclopean comprehension fungus.\", \"Unmentionable gambrel comprehension fainted. Swarthy immemorial unmentionable gibbering stench. Noisome daemoniac tentacles blasphemous comprehension amorphous accursed. Singular effulgence unutterable lurk hideous unmentionable cat cyclopean. Decadent gambrel eldritch squamous iridescence.\", \"Indescribable lurk blasphemous. Effulgence accursed amorphous dank non-euclidean fainted. Lurk ululate dank unmentionable. Noisome decadent antediluvian abnormal. Manuscript amorphous abnormal decadent effulgence nameless.\"]"], ["read", "f"], ["created_at", "2017-12-14 06:41:35.485537"], ["updated_at", "2017-12-14 06:41:35.485537"]]
  [1m[35m (0.4ms)[0m  [1m[35mCOMMIT[0m
  [1m[35m (0.2ms)[0m  [1m[35mBEGIN[0m
  [1m[35mSQL (0.4ms)[0m  [1m[32mINSERT INTO "blogs" ("name", "body", "read", "created_at", "updated_at") VALUES ($1, $2, $3, $4, $5) RETURNING "id"[0m  [["name", "I have no idea where this will lead us. But I have a definite feeling it will be a place both wonderful and strange."], ["body", "[\"Hideous stygian stench unutterable gambrel foetid madness manuscript. Daemoniac tentacles indescribable. Stench unmentionable fainted blasphemous. Decadent lurk accursed comprehension.\", \"Mortal nameless antediluvian madness indescribable charnel blasphemous. Shunned comprehension nameless charnel gibbous swarthy loathsome iridescence. Shunned tentacles unutterable eldritch cat madness antediluvian. Tenebrous stench tentacles. Squamous indescribable charnel antiquarian cyclopean unmentionable unutterable amorphous.\", \"Amorphous furtive cat mortal antiquarian hideous. Decadent abnormal mortal foetid loathsome. Iridescence gambrel antediluvian indescribable tentacles gibbering. Tenebrous ululate daemoniac iridescence.\"]"], ["read", "f"], ["created_at", "2017-12-14 06:41:35.491272"], ["updated_at", "2017-12-14 06:41:35.491272"]]
  [1m[35m (0.3ms)[0m  [1m[35mCOMMIT[0m
  [1m[35m (0.1ms)[0m  [1m[35mBEGIN[0m
  [1m[35mSQL (0.4ms)[0m  [1m[32mINSERT INTO "blogs" ("name", "body", "read", "created_at", "updated_at") VALUES ($1, $2, $3, $4, $5) RETURNING "id"[0m  [["name", "COOPER, YOU REMIND ME TODAY OF A SMALL MEXICAN CHIHUAHUA."], ["body", "[\"Madness cyclopean squamous singular effulgence. Spectral antiquarian gibbering noisome lurk effulgence iridescence cyclopean. Unutterable swarthy gibbering foetid eldritch. Gambrel lurk accursed unnamable.\", \"Squamous lurk fainted furtive comprehension gibbering abnormal iridescence. Tentacles ululate dank. Gibbous unutterable manuscript. Dank tenebrous swarthy daemoniac fungus shunned fainted indescribable. Indescribable unutterable accursed eldritch blasphemous.\", \"Fungus fainted accursed indescribable furtive hideous nameless. Nameless squamous spectral unutterable. Decadent non-euclidean daemoniac abnormal swarthy. Madness abnormal unnamable. Tentacles fainted loathsome effulgence.\"]"], ["read", "f"], ["created_at", "2017-12-14 06:41:35.494141"], ["updated_at", "2017-12-14 06:41:35.494141"]]
  [1m[35m (0.6ms)[0m  [1m[35mCOMMIT[0m
  [1m[35m (0.3ms)[0m  [1m[35mBEGIN[0m
  [1m[35mSQL (0.7ms)[0m  [1m[32mINSERT INTO "blogs" ("name", "body", "read", "created_at", "updated_at") VALUES ($1, $2, $3, $4, $5) RETURNING "id"[0m  [["name", "I don't wanna talk. I wanna shoot."], ["body", "[\"Furtive amorphous gambrel squamous gibbous noisome effulgence shunned. Cyclopean dank tenebrous manuscript. Noisome furtive unmentionable manuscript cyclopean stench singular. Decadent antediluvian hideous effulgence unutterable accursed unnamable. Indescribable abnormal gibbous fainted tentacles tenebrous.\", \"Swarthy antediluvian charnel gibbous eldritch. Fungus unmentionable stygian. Daemoniac indescribable accursed gibbering ululate madness squamous charnel. Squamous stygian tentacles fungus gibbous manuscript. Fainted blasphemous furtive.\", \"Cyclopean fungus loathsome decadent immemorial. Singular gibbering effulgence dank ululate daemoniac. Comprehension lurk cat unmentionable noisome gibbering.\"]"], ["read", "f"], ["created_at", "2017-12-14 06:41:35.498666"], ["updated_at", "2017-12-14 06:41:35.498666"]]
  [1m[35m (1.5ms)[0m  [1m[35mCOMMIT[0m
  [1m[35m (0.2ms)[0m  [1m[35mBEGIN[0m
  [1m[35mSQL (0.6ms)[0m  [1m[32mINSERT INTO "blogs" ("name", "body", "read", "created_at", "updated_at") VALUES ($1, $2, $3, $4, $5) RETURNING "id"[0m  [["name", "Damn fine coffee! And hot!"], ["body", "[\"Unutterable iridescence decadent. Antediluvian abnormal charnel mortal squamous tentacles. Amorphous cat squamous singular manuscript. Gibbous fainted cyclopean unmentionable.\", \"Accursed cyclopean manuscript tentacles noisome gibbering tenebrous. Dank stygian manuscript mortal loathsome accursed blasphemous. Spectral swarthy gibbering mortal stench fungus abnormal. Fainted gambrel amorphous comprehension. Spectral foetid fainted gibbering.\", \"Loathsome decadent nameless squamous amorphous stench. Tenebrous effulgence indescribable antediluvian fungus comprehension abnormal spectral. Cyclopean squamous unnamable furtive shunned indescribable cat lurk. Decadent tenebrous manuscript noisome. Fainted effulgence blasphemous stygian gibbous unmentionable foetid.\"]"], ["read", "f"], ["created_at", "2017-12-14 06:41:35.505847"], ["updated_at", "2017-12-14 06:41:35.505847"]]
  [1m[35m (0.5ms)[0m  [1m[35mCOMMIT[0m
  [1m[35m (0.3ms)[0m  [1m[35mBEGIN[0m
  [1m[35mSQL (0.7ms)[0m  [1m[32mINSERT INTO "blogs" ("name", "body", "read", "created_at", "updated_at") VALUES ($1, $2, $3, $4, $5) RETURNING "id"[0m  [["name", "Damn fine coffee! And hot!"], ["body", "[\"Madness stench daemoniac immemorial manuscript blasphemous tenebrous. Shunned cat nameless decadent fungus. Abnormal madness fungus swarthy. Antediluvian foetid unutterable stench ululate.\", \"Loathsome singular furtive. Squamous accursed charnel mortal loathsome daemoniac. Madness gibbous effulgence loathsome noisome unmentionable. Singular stench effulgence cat dank eldritch amorphous nameless. Madness tenebrous indescribable effulgence mortal iridescence fainted.\", \"Antediluvian tentacles immemorial accursed comprehension foetid. Singular cat decadent non-euclidean antediluvian tenebrous dank. Manuscript antiquarian comprehension gambrel accursed amorphous antediluvian. Comprehension gibbous squamous antediluvian loathsome noisome unnamable gibbering. Swarthy abnormal gibbering antediluvian antiquarian furtive non-euclidean dank.\"]"], ["read", "f"], ["created_at", "2017-12-14 06:41:35.510744"], ["updated_at", "2017-12-14 06:41:35.510744"]]
  [1m[35m (0.5ms)[0m  [1m[35mCOMMIT[0m
  [1m[35m (0.3ms)[0m  [1m[35mBEGIN[0m
  [1m[35mSQL (0.7ms)[0m  [1m[32mINSERT INTO "blogs" ("name", "body", "read", "created_at", "updated_at") VALUES ($1, $2, $3, $4, $5) RETURNING "id"[0m  [["name", "Black as midnight on a moonless night."], ["body", "[\"Stygian iridescence accursed charnel. Shunned ululate loathsome nameless gibbering foetid. Mortal squamous eldritch.\", \"Spectral shunned noisome accursed gibbous. Gibbous indescribable cat furtive stench. Non-euclidean effulgence nameless gibbering cat squamous. Unutterable lurk effulgence fungus nameless iridescence fainted gambrel.\", \"Fungus unutterable indescribable. Ululate madness loathsome indescribable antiquarian blasphemous tentacles comprehension. Gambrel abnormal cat. Antiquarian stygian accursed blasphemous madness unmentionable non-euclidean.\"]"], ["read", "f"], ["created_at", "2017-12-14 06:41:35.515715"], ["updated_at", "2017-12-14 06:41:35.515715"]]
  [1m[35m (0.5ms)[0m  [1m[35mCOMMIT[0m
  [1m[35m (0.3ms)[0m  [1m[35mBEGIN[0m
  [1m[35mSQL (0.5ms)[0m  [1m[32mINSERT INTO "blogs" ("name", "body", "read", "created_at", "updated_at") VALUES ($1, $2, $3, $4, $5) RETURNING "id"[0m  [["name", "How's Annie? How's Annie? How's Annie?"], ["body", "[\"Squamous hideous comprehension antiquarian iridescence. Gibbering foetid swarthy nameless stygian indescribable dank comprehension. Indescribable stench stygian unutterable.\", \"Swarthy non-euclidean noisome lurk antiquarian singular. Daemoniac antiquarian tenebrous. Dank stench loathsome iridescence antediluvian nameless gibbering amorphous. Loathsome spectral fungus unutterable.\", \"Foetid decadent amorphous abnormal. Fungus unmentionable fainted swarthy foetid spectral mortal stench. Mortal spectral amorphous antediluvian. Daemoniac antiquarian charnel blasphemous non-euclidean immemorial iridescence. Stench ululate eldritch amorphous unutterable nameless.\"]"], ["read", "f"], ["created_at", "2017-12-14 06:41:35.520771"], ["updated_at", "2017-12-14 06:41:35.520771"]]
  [1m[35m (0.4ms)[0m  [1m[35mCOMMIT[0m
  [1m[35m (0.2ms)[0m  [1m[35mBEGIN[0m
  [1m[35mSQL (0.5ms)[0m  [1m[32mINSERT INTO "blogs" ("name", "body", "read", "created_at", "updated_at") VALUES ($1, $2, $3, $4, $5) RETURNING "id"[0m  [["name", "It has been a pleasure speaking to you."], ["body", "[\"Unmentionable non-euclidean daemoniac hideous furtive abnormal loathsome charnel. Foetid immemorial cat antediluvian non-euclidean. Blasphemous hideous stench mortal cyclopean. Decadent squamous dank unmentionable tenebrous antiquarian antediluvian nameless. Eldritch spectral unmentionable gibbous mortal decadent indescribable cat.\", \"Gambrel antiquarian cyclopean stygian tentacles swarthy. Gibbous cyclopean manuscript swarthy accursed. Nameless iridescence fungus eldritch. Loathsome antiquarian gambrel.\", \"Charnel loathsome antediluvian stench accursed swarthy abnormal. Spectral madness gibbous tenebrous manuscript antiquarian nameless. Lurk indescribable mortal manuscript tentacles noisome decadent.\"]"], ["read", "f"], ["created_at", "2017-12-14 06:41:35.529259"], ["updated_at", "2017-12-14 06:41:35.529259"]]
  [1m[35m (0.3ms)[0m  [1m[35mCOMMIT[0m
  [1m[36mBlog Load (1.1ms)[0m  [1m[34mSELECT  "blogs".* FROM "blogs" LIMIT $1[0m  [["LIMIT", 11]]
